./base-reth-node node -vvv --datadir=/data --log.stdout.format json 
--ws 
--ws.origins=* 
--ws.addr=0.0.0.0 
--ws.port=8546 
--ws.api=web3,debug,eth,net,txpool 
--http 
--http.corsdomain=* 
--http.addr=0.0.0.0 
--http.port=8545 
--http.api=web3,debug,eth,net,txpool,miner 
--ipcpath=/data/reth.ipc 
--authrpc.addr=0.0.0.0 
--authrpc.port=8551 
--authrpc.jwtsecret=/tmp/engine-auth-jwt 
--metrics=0.0.0.0:6060 
--max-outbound-peers=100 
--chain base 
--rollup.sequencer-http=https://mainnet-sequencer.base.org 
--rollup.disable-tx-pool-gossip 
--discovery.port=30303 
--port=30303 
--websocket-url=wss://mainnet.flashblocks.base.org/ws